508  2019-10-20 10:32:55.362 [main] org.springframework.test.context.support.AbstractTestContextBootstrapper 308 INFO  o.s.b.t.c.SpringBootTestContextBootstrapper - Neither @ContextConfiguration nor @ContextHierarchy found for test class [org.chwin.firefighting.apiserver.test.mqSend4jeff], using SpringBootContextLoader
521  2019-10-20 10:32:55.375 [main] org.springframework.test.context.support.AbstractContextLoader 264 INFO  o.s.t.c.s.AbstractContextLoader - Could not detect default resource locations for test class [org.chwin.firefighting.apiserver.test.mqSend4jeff]: no resource found for suffixes {-context.xml, Context.groovy}.
787  2019-10-20 10:32:55.641 [main] org.springframework.test.context.support.AbstractTestContextBootstrapper 248 INFO  o.s.b.t.c.SpringBootTestContextBootstrapper - Loaded default TestExecutionListener class names from location [META-INF/spring.factories]: [org.springframework.boot.test.mock.mockito.MockitoTestExecutionListener, org.springframework.boot.test.mock.mockito.ResetMocksTestExecutionListener, org.springframework.test.context.web.ServletTestExecutionListener, org.springframework.test.context.support.DirtiesContextBeforeModesTestExecutionListener, org.springframework.test.context.support.DependencyInjectionTestExecutionListener, org.springframework.test.context.support.DirtiesContextTestExecutionListener, org.springframework.test.context.transaction.TransactionalTestExecutionListener, org.springframework.test.context.jdbc.SqlScriptsTestExecutionListener]
807  2019-10-20 10:32:55.661 [main] org.springframework.test.context.support.AbstractTestContextBootstrapper 177 INFO  o.s.b.t.c.SpringBootTestContextBootstrapper - Using TestExecutionListeners: [org.springframework.test.context.web.ServletTestExecutionListener@47d9a273, org.springframework.test.context.support.DirtiesContextBeforeModesTestExecutionListener@4b8ee4de, org.springframework.boot.test.mock.mockito.MockitoTestExecutionListener@27f981c6, org.springframework.test.context.support.DependencyInjectionTestExecutionListener@1b11171f, org.springframework.test.context.support.DirtiesContextTestExecutionListener@1151e434, org.springframework.test.context.transaction.TransactionalTestExecutionListener@2dc54ad4, org.springframework.test.context.jdbc.SqlScriptsTestExecutionListener@4659191b, org.springframework.boot.test.mock.mockito.ResetMocksTestExecutionListener@55634720]
1718 2019-10-20 10:32:56.572 [main] org.springframework.context.support.PostProcessorRegistrationDelegate$BeanPostProcessorChecker 330 INFO  o.s.c.s.PostProcessorRegistrationDelegate$BeanPostProcessorChecker - Bean 'org.springframework.cloud.autoconfigure.ConfigurationPropertiesRebinderAutoConfiguration' of type [org.springframework.cloud.autoconfigure.ConfigurationPropertiesRebinderAutoConfiguration$$EnhancerBySpringCGLIB$$9a3c124c] is not eligible for getting processed by all BeanPostProcessors (for example: not eligible for auto-proxying)
1950 2019-10-20 10:32:56.804 [main] org.springframework.boot.SpringApplication 651 INFO  o.c.f.apiserver.test.mqSend4jeff - The following profiles are active: dev
2044 2019-10-20 10:32:56.898 [main] org.springframework.integration.config.DefaultConfiguringBeanFactoryPostProcessor 193 INFO  o.s.i.c.DefaultConfiguringBeanFactoryPostProcessor - No bean named 'errorChannel' has been explicitly defined. Therefore, a default PublishSubscribeChannel will be created.
2056 2019-10-20 10:32:56.910 [main] org.springframework.integration.config.DefaultConfiguringBeanFactoryPostProcessor 280 INFO  o.s.i.c.DefaultConfiguringBeanFactoryPostProcessor - No bean named 'taskScheduler' has been explicitly defined. Therefore, a default ThreadPoolTaskScheduler will be created.
2066 2019-10-20 10:32:56.920 [main] org.springframework.integration.config.DefaultConfiguringBeanFactoryPostProcessor 431 INFO  o.s.i.c.DefaultConfiguringBeanFactoryPostProcessor - No bean named 'integrationHeaderChannelRegistry' has been explicitly defined. Therefore, a default DefaultHeaderChannelRegistry will be created.
2105 2019-10-20 10:32:56.959 [main] org.springframework.context.support.PostProcessorRegistrationDelegate$BeanPostProcessorChecker 330 INFO  o.s.c.s.PostProcessorRegistrationDelegate$BeanPostProcessorChecker - Bean 'integrationDisposableAutoCreatedBeans' of type [org.springframework.integration.config.annotation.Disposables] is not eligible for getting processed by all BeanPostProcessors (for example: not eligible for auto-proxying)
2666 2019-10-20 10:32:57.520 [main] org.springframework.scheduling.concurrent.ExecutorConfigurationSupport 171 INFO  o.s.s.c.ThreadPoolTaskScheduler - Initializing ExecutorService 'taskScheduler'
2698 2019-10-20 10:32:57.552 [main] org.springframework.integration.endpoint.EventDrivenConsumer 107 INFO  o.s.i.endpoint.EventDrivenConsumer - Adding {logging-channel-adapter:_org.springframework.integration.errorLogger} as a subscriber to the 'errorChannel' channel
2698 2019-10-20 10:32:57.552 [main] org.springframework.integration.channel.AbstractSubscribableChannel 64 INFO  o.s.i.c.PublishSubscribeChannel - Channel 'application-1.errorChannel' has 1 subscriber(s).
2698 2019-10-20 10:32:57.552 [main] org.springframework.integration.endpoint.AbstractEndpoint 159 INFO  o.s.i.endpoint.EventDrivenConsumer - started _org.springframework.integration.errorLogger
2701 2019-10-20 10:32:57.555 [main] org.springframework.boot.StartupInfoLogger 59 INFO  o.c.f.apiserver.test.mqSend4jeff - Started mqSend4jeff in 1.826 seconds (JVM running for 3.155)
2802 2019-10-20 10:32:57.656 [Thread-6] org.springframework.integration.endpoint.EventDrivenConsumer 107 INFO  o.s.i.endpoint.EventDrivenConsumer - Removing {logging-channel-adapter:_org.springframework.integration.errorLogger} as a subscriber to the 'errorChannel' channel
2802 2019-10-20 10:32:57.656 [Thread-6] org.springframework.integration.channel.AbstractSubscribableChannel 64 INFO  o.s.i.c.PublishSubscribeChannel - Channel 'application-1.errorChannel' has 0 subscriber(s).
2802 2019-10-20 10:32:57.656 [Thread-6] org.springframework.integration.endpoint.AbstractEndpoint 193 INFO  o.s.i.endpoint.EventDrivenConsumer - stopped _org.springframework.integration.errorLogger
2803 2019-10-20 10:32:57.657 [Thread-6] org.springframework.scheduling.concurrent.ExecutorConfigurationSupport 208 INFO  o.s.s.c.ThreadPoolTaskScheduler - Shutting down ExecutorService 'taskScheduler'
352  2019-10-20 10:33:30.143 [main] org.springframework.test.context.support.AbstractTestContextBootstrapper 308 INFO  o.s.b.t.c.SpringBootTestContextBootstrapper - Neither @ContextConfiguration nor @ContextHierarchy found for test class [org.chwin.firefighting.apiserver.test.mqSend4jeff], using SpringBootContextLoader
359  2019-10-20 10:33:30.150 [main] org.springframework.test.context.support.AbstractContextLoader 264 INFO  o.s.t.c.s.AbstractContextLoader - Could not detect default resource locations for test class [org.chwin.firefighting.apiserver.test.mqSend4jeff]: no resource found for suffixes {-context.xml, Context.groovy}.
585  2019-10-20 10:33:30.376 [main] org.springframework.test.context.support.AbstractTestContextBootstrapper 248 INFO  o.s.b.t.c.SpringBootTestContextBootstrapper - Loaded default TestExecutionListener class names from location [META-INF/spring.factories]: [org.springframework.boot.test.mock.mockito.MockitoTestExecutionListener, org.springframework.boot.test.mock.mockito.ResetMocksTestExecutionListener, org.springframework.test.context.web.ServletTestExecutionListener, org.springframework.test.context.support.DirtiesContextBeforeModesTestExecutionListener, org.springframework.test.context.support.DependencyInjectionTestExecutionListener, org.springframework.test.context.support.DirtiesContextTestExecutionListener, org.springframework.test.context.transaction.TransactionalTestExecutionListener, org.springframework.test.context.jdbc.SqlScriptsTestExecutionListener]
605  2019-10-20 10:33:30.396 [main] org.springframework.test.context.support.AbstractTestContextBootstrapper 177 INFO  o.s.b.t.c.SpringBootTestContextBootstrapper - Using TestExecutionListeners: [org.springframework.test.context.web.ServletTestExecutionListener@47d9a273, org.springframework.test.context.support.DirtiesContextBeforeModesTestExecutionListener@4b8ee4de, org.springframework.boot.test.mock.mockito.MockitoTestExecutionListener@27f981c6, org.springframework.test.context.support.DependencyInjectionTestExecutionListener@1b11171f, org.springframework.test.context.support.DirtiesContextTestExecutionListener@1151e434, org.springframework.test.context.transaction.TransactionalTestExecutionListener@2dc54ad4, org.springframework.test.context.jdbc.SqlScriptsTestExecutionListener@4659191b, org.springframework.boot.test.mock.mockito.ResetMocksTestExecutionListener@55634720]
1410 2019-10-20 10:33:31.201 [main] org.springframework.context.support.PostProcessorRegistrationDelegate$BeanPostProcessorChecker 330 INFO  o.s.c.s.PostProcessorRegistrationDelegate$BeanPostProcessorChecker - Bean 'org.springframework.cloud.autoconfigure.ConfigurationPropertiesRebinderAutoConfiguration' of type [org.springframework.cloud.autoconfigure.ConfigurationPropertiesRebinderAutoConfiguration$$EnhancerBySpringCGLIB$$9a3c124c] is not eligible for getting processed by all BeanPostProcessors (for example: not eligible for auto-proxying)
1635 2019-10-20 10:33:31.426 [main] org.springframework.boot.SpringApplication 651 INFO  o.c.f.apiserver.test.mqSend4jeff - The following profiles are active: dev
1719 2019-10-20 10:33:31.510 [main] org.springframework.integration.config.DefaultConfiguringBeanFactoryPostProcessor 193 INFO  o.s.i.c.DefaultConfiguringBeanFactoryPostProcessor - No bean named 'errorChannel' has been explicitly defined. Therefore, a default PublishSubscribeChannel will be created.
1728 2019-10-20 10:33:31.519 [main] org.springframework.integration.config.DefaultConfiguringBeanFactoryPostProcessor 280 INFO  o.s.i.c.DefaultConfiguringBeanFactoryPostProcessor - No bean named 'taskScheduler' has been explicitly defined. Therefore, a default ThreadPoolTaskScheduler will be created.
1737 2019-10-20 10:33:31.528 [main] org.springframework.integration.config.DefaultConfiguringBeanFactoryPostProcessor 431 INFO  o.s.i.c.DefaultConfiguringBeanFactoryPostProcessor - No bean named 'integrationHeaderChannelRegistry' has been explicitly defined. Therefore, a default DefaultHeaderChannelRegistry will be created.
1764 2019-10-20 10:33:31.555 [main] org.springframework.context.support.PostProcessorRegistrationDelegate$BeanPostProcessorChecker 330 INFO  o.s.c.s.PostProcessorRegistrationDelegate$BeanPostProcessorChecker - Bean 'integrationDisposableAutoCreatedBeans' of type [org.springframework.integration.config.annotation.Disposables] is not eligible for getting processed by all BeanPostProcessors (for example: not eligible for auto-proxying)
2187 2019-10-20 10:33:31.978 [main] org.springframework.scheduling.concurrent.ExecutorConfigurationSupport 171 INFO  o.s.s.c.ThreadPoolTaskScheduler - Initializing ExecutorService 'taskScheduler'
2220 2019-10-20 10:33:32.011 [main] org.springframework.integration.endpoint.EventDrivenConsumer 107 INFO  o.s.i.endpoint.EventDrivenConsumer - Adding {logging-channel-adapter:_org.springframework.integration.errorLogger} as a subscriber to the 'errorChannel' channel
2220 2019-10-20 10:33:32.011 [main] org.springframework.integration.channel.AbstractSubscribableChannel 64 INFO  o.s.i.c.PublishSubscribeChannel - Channel 'application-1.errorChannel' has 1 subscriber(s).
2220 2019-10-20 10:33:32.011 [main] org.springframework.integration.endpoint.AbstractEndpoint 159 INFO  o.s.i.endpoint.EventDrivenConsumer - started _org.springframework.integration.errorLogger
2223 2019-10-20 10:33:32.014 [main] org.springframework.boot.StartupInfoLogger 59 INFO  o.c.f.apiserver.test.mqSend4jeff - Started mqSend4jeff in 1.523 seconds (JVM running for 2.638)
2374 2019-10-20 10:33:32.165 [Thread-6] org.springframework.integration.endpoint.EventDrivenConsumer 107 INFO  o.s.i.endpoint.EventDrivenConsumer - Removing {logging-channel-adapter:_org.springframework.integration.errorLogger} as a subscriber to the 'errorChannel' channel
2374 2019-10-20 10:33:32.165 [Thread-6] org.springframework.integration.channel.AbstractSubscribableChannel 64 INFO  o.s.i.c.PublishSubscribeChannel - Channel 'application-1.errorChannel' has 0 subscriber(s).
2374 2019-10-20 10:33:32.165 [Thread-6] org.springframework.integration.endpoint.AbstractEndpoint 193 INFO  o.s.i.endpoint.EventDrivenConsumer - stopped _org.springframework.integration.errorLogger
2374 2019-10-20 10:33:32.165 [Thread-6] org.springframework.scheduling.concurrent.ExecutorConfigurationSupport 208 INFO  o.s.s.c.ThreadPoolTaskScheduler - Shutting down ExecutorService 'taskScheduler'
347  2019-10-20 10:38:36.503 [main] org.springframework.test.context.support.AbstractTestContextBootstrapper 308 INFO  o.s.b.t.c.SpringBootTestContextBootstrapper - Neither @ContextConfiguration nor @ContextHierarchy found for test class [org.chwin.firefighting.apiserver.test.mqSend4jeff], using SpringBootContextLoader
355  2019-10-20 10:38:36.511 [main] org.springframework.test.context.support.AbstractContextLoader 264 INFO  o.s.t.c.s.AbstractContextLoader - Could not detect default resource locations for test class [org.chwin.firefighting.apiserver.test.mqSend4jeff]: no resource found for suffixes {-context.xml, Context.groovy}.
618  2019-10-20 10:38:36.774 [main] org.springframework.test.context.support.AbstractTestContextBootstrapper 248 INFO  o.s.b.t.c.SpringBootTestContextBootstrapper - Loaded default TestExecutionListener class names from location [META-INF/spring.factories]: [org.springframework.boot.test.mock.mockito.MockitoTestExecutionListener, org.springframework.boot.test.mock.mockito.ResetMocksTestExecutionListener, org.springframework.test.context.web.ServletTestExecutionListener, org.springframework.test.context.support.DirtiesContextBeforeModesTestExecutionListener, org.springframework.test.context.support.DependencyInjectionTestExecutionListener, org.springframework.test.context.support.DirtiesContextTestExecutionListener, org.springframework.test.context.transaction.TransactionalTestExecutionListener, org.springframework.test.context.jdbc.SqlScriptsTestExecutionListener]
637  2019-10-20 10:38:36.793 [main] org.springframework.test.context.support.AbstractTestContextBootstrapper 177 INFO  o.s.b.t.c.SpringBootTestContextBootstrapper - Using TestExecutionListeners: [org.springframework.test.context.web.ServletTestExecutionListener@47d9a273, org.springframework.test.context.support.DirtiesContextBeforeModesTestExecutionListener@4b8ee4de, org.springframework.boot.test.mock.mockito.MockitoTestExecutionListener@27f981c6, org.springframework.test.context.support.DependencyInjectionTestExecutionListener@1b11171f, org.springframework.test.context.support.DirtiesContextTestExecutionListener@1151e434, org.springframework.test.context.transaction.TransactionalTestExecutionListener@2dc54ad4, org.springframework.test.context.jdbc.SqlScriptsTestExecutionListener@4659191b, org.springframework.boot.test.mock.mockito.ResetMocksTestExecutionListener@55634720]
1422 2019-10-20 10:38:37.578 [main] org.springframework.context.support.PostProcessorRegistrationDelegate$BeanPostProcessorChecker 330 INFO  o.s.c.s.PostProcessorRegistrationDelegate$BeanPostProcessorChecker - Bean 'org.springframework.cloud.autoconfigure.ConfigurationPropertiesRebinderAutoConfiguration' of type [org.springframework.cloud.autoconfigure.ConfigurationPropertiesRebinderAutoConfiguration$$EnhancerBySpringCGLIB$$9a3c124c] is not eligible for getting processed by all BeanPostProcessors (for example: not eligible for auto-proxying)
1637 2019-10-20 10:38:37.793 [main] org.springframework.boot.SpringApplication 651 INFO  o.c.f.apiserver.test.mqSend4jeff - The following profiles are active: dev
1729 2019-10-20 10:38:37.885 [main] org.springframework.integration.config.DefaultConfiguringBeanFactoryPostProcessor 193 INFO  o.s.i.c.DefaultConfiguringBeanFactoryPostProcessor - No bean named 'errorChannel' has been explicitly defined. Therefore, a default PublishSubscribeChannel will be created.
1738 2019-10-20 10:38:37.894 [main] org.springframework.integration.config.DefaultConfiguringBeanFactoryPostProcessor 280 INFO  o.s.i.c.DefaultConfiguringBeanFactoryPostProcessor - No bean named 'taskScheduler' has been explicitly defined. Therefore, a default ThreadPoolTaskScheduler will be created.
1747 2019-10-20 10:38:37.903 [main] org.springframework.integration.config.DefaultConfiguringBeanFactoryPostProcessor 431 INFO  o.s.i.c.DefaultConfiguringBeanFactoryPostProcessor - No bean named 'integrationHeaderChannelRegistry' has been explicitly defined. Therefore, a default DefaultHeaderChannelRegistry will be created.
1774 2019-10-20 10:38:37.930 [main] org.springframework.context.support.PostProcessorRegistrationDelegate$BeanPostProcessorChecker 330 INFO  o.s.c.s.PostProcessorRegistrationDelegate$BeanPostProcessorChecker - Bean 'integrationDisposableAutoCreatedBeans' of type [org.springframework.integration.config.annotation.Disposables] is not eligible for getting processed by all BeanPostProcessors (for example: not eligible for auto-proxying)
2187 2019-10-20 10:38:38.343 [main] org.springframework.scheduling.concurrent.ExecutorConfigurationSupport 171 INFO  o.s.s.c.ThreadPoolTaskScheduler - Initializing ExecutorService 'taskScheduler'
2223 2019-10-20 10:38:38.379 [main] org.springframework.integration.endpoint.EventDrivenConsumer 107 INFO  o.s.i.endpoint.EventDrivenConsumer - Adding {logging-channel-adapter:_org.springframework.integration.errorLogger} as a subscriber to the 'errorChannel' channel
2223 2019-10-20 10:38:38.379 [main] org.springframework.integration.channel.AbstractSubscribableChannel 64 INFO  o.s.i.c.PublishSubscribeChannel - Channel 'application-1.errorChannel' has 1 subscriber(s).
2223 2019-10-20 10:38:38.379 [main] org.springframework.integration.endpoint.AbstractEndpoint 159 INFO  o.s.i.endpoint.EventDrivenConsumer - started _org.springframework.integration.errorLogger
2227 2019-10-20 10:38:38.383 [main] org.springframework.boot.StartupInfoLogger 59 INFO  o.c.f.apiserver.test.mqSend4jeff - Started mqSend4jeff in 1.514 seconds (JVM running for 2.643)
2349 2019-10-20 10:38:38.505 [Thread-6] org.springframework.integration.endpoint.EventDrivenConsumer 107 INFO  o.s.i.endpoint.EventDrivenConsumer - Removing {logging-channel-adapter:_org.springframework.integration.errorLogger} as a subscriber to the 'errorChannel' channel
2349 2019-10-20 10:38:38.505 [Thread-6] org.springframework.integration.channel.AbstractSubscribableChannel 64 INFO  o.s.i.c.PublishSubscribeChannel - Channel 'application-1.errorChannel' has 0 subscriber(s).
2349 2019-10-20 10:38:38.505 [Thread-6] org.springframework.integration.endpoint.AbstractEndpoint 193 INFO  o.s.i.endpoint.EventDrivenConsumer - stopped _org.springframework.integration.errorLogger
2349 2019-10-20 10:38:38.505 [Thread-6] org.springframework.scheduling.concurrent.ExecutorConfigurationSupport 208 INFO  o.s.s.c.ThreadPoolTaskScheduler - Shutting down ExecutorService 'taskScheduler'
452  2019-10-20 14:20:42.558 [main] org.springframework.test.context.support.AbstractTestContextBootstrapper 308 INFO  o.s.b.t.c.SpringBootTestContextBootstrapper - Neither @ContextConfiguration nor @ContextHierarchy found for test class [org.chwin.firefighting.apiserver.test.mqSend4jeff], using SpringBootContextLoader
462  2019-10-20 14:20:42.568 [main] org.springframework.test.context.support.AbstractContextLoader 264 INFO  o.s.t.c.s.AbstractContextLoader - Could not detect default resource locations for test class [org.chwin.firefighting.apiserver.test.mqSend4jeff]: no resource found for suffixes {-context.xml, Context.groovy}.
748  2019-10-20 14:20:42.854 [main] org.springframework.test.context.support.AbstractTestContextBootstrapper 248 INFO  o.s.b.t.c.SpringBootTestContextBootstrapper - Loaded default TestExecutionListener class names from location [META-INF/spring.factories]: [org.springframework.boot.test.mock.mockito.MockitoTestExecutionListener, org.springframework.boot.test.mock.mockito.ResetMocksTestExecutionListener, org.springframework.test.context.web.ServletTestExecutionListener, org.springframework.test.context.support.DirtiesContextBeforeModesTestExecutionListener, org.springframework.test.context.support.DependencyInjectionTestExecutionListener, org.springframework.test.context.support.DirtiesContextTestExecutionListener, org.springframework.test.context.transaction.TransactionalTestExecutionListener, org.springframework.test.context.jdbc.SqlScriptsTestExecutionListener]
774  2019-10-20 14:20:42.880 [main] org.springframework.test.context.support.AbstractTestContextBootstrapper 177 INFO  o.s.b.t.c.SpringBootTestContextBootstrapper - Using TestExecutionListeners: [org.springframework.test.context.web.ServletTestExecutionListener@4659191b, org.springframework.test.context.support.DirtiesContextBeforeModesTestExecutionListener@55634720, org.springframework.boot.test.mock.mockito.MockitoTestExecutionListener@4b0d79fc, org.springframework.test.context.support.DependencyInjectionTestExecutionListener@4c1909a3, org.springframework.test.context.support.DirtiesContextTestExecutionListener@428640fa, org.springframework.test.context.transaction.TransactionalTestExecutionListener@d9345cd, org.springframework.test.context.jdbc.SqlScriptsTestExecutionListener@2d710f1a, org.springframework.boot.test.mock.mockito.ResetMocksTestExecutionListener@29215f06]
1839 2019-10-20 14:20:43.945 [main] org.springframework.context.support.PostProcessorRegistrationDelegate$BeanPostProcessorChecker 330 INFO  o.s.c.s.PostProcessorRegistrationDelegate$BeanPostProcessorChecker - Bean 'org.springframework.cloud.autoconfigure.ConfigurationPropertiesRebinderAutoConfiguration' of type [org.springframework.cloud.autoconfigure.ConfigurationPropertiesRebinderAutoConfiguration$$EnhancerBySpringCGLIB$$72bde45c] is not eligible for getting processed by all BeanPostProcessors (for example: not eligible for auto-proxying)
2122 2019-10-20 14:20:44.228 [main] org.springframework.boot.SpringApplication 651 INFO  o.c.f.apiserver.test.mqSend4jeff - The following profiles are active: dev
2224 2019-10-20 14:20:44.330 [main] org.springframework.integration.config.DefaultConfiguringBeanFactoryPostProcessor 193 INFO  o.s.i.c.DefaultConfiguringBeanFactoryPostProcessor - No bean named 'errorChannel' has been explicitly defined. Therefore, a default PublishSubscribeChannel will be created.
2234 2019-10-20 14:20:44.340 [main] org.springframework.integration.config.DefaultConfiguringBeanFactoryPostProcessor 280 INFO  o.s.i.c.DefaultConfiguringBeanFactoryPostProcessor - No bean named 'taskScheduler' has been explicitly defined. Therefore, a default ThreadPoolTaskScheduler will be created.
2245 2019-10-20 14:20:44.351 [main] org.springframework.integration.config.DefaultConfiguringBeanFactoryPostProcessor 431 INFO  o.s.i.c.DefaultConfiguringBeanFactoryPostProcessor - No bean named 'integrationHeaderChannelRegistry' has been explicitly defined. Therefore, a default DefaultHeaderChannelRegistry will be created.
2284 2019-10-20 14:20:44.390 [main] org.springframework.context.support.PostProcessorRegistrationDelegate$BeanPostProcessorChecker 330 INFO  o.s.c.s.PostProcessorRegistrationDelegate$BeanPostProcessorChecker - Bean 'integrationDisposableAutoCreatedBeans' of type [org.springframework.integration.config.annotation.Disposables] is not eligible for getting processed by all BeanPostProcessors (for example: not eligible for auto-proxying)
2842 2019-10-20 14:20:44.948 [main] org.springframework.scheduling.concurrent.ExecutorConfigurationSupport 171 INFO  o.s.s.c.ThreadPoolTaskScheduler - Initializing ExecutorService 'taskScheduler'
2879 2019-10-20 14:20:44.985 [main] org.springframework.integration.endpoint.EventDrivenConsumer 107 INFO  o.s.i.endpoint.EventDrivenConsumer - Adding {logging-channel-adapter:_org.springframework.integration.errorLogger} as a subscriber to the 'errorChannel' channel
2880 2019-10-20 14:20:44.986 [main] org.springframework.integration.channel.AbstractSubscribableChannel 64 INFO  o.s.i.c.PublishSubscribeChannel - Channel 'application-1.errorChannel' has 1 subscriber(s).
2880 2019-10-20 14:20:44.986 [main] org.springframework.integration.endpoint.AbstractEndpoint 159 INFO  o.s.i.endpoint.EventDrivenConsumer - started _org.springframework.integration.errorLogger
2883 2019-10-20 14:20:44.989 [main] org.springframework.boot.StartupInfoLogger 59 INFO  o.c.f.apiserver.test.mqSend4jeff - Started mqSend4jeff in 2.002 seconds (JVM running for 3.32)
2947 2019-10-20 14:20:45.053 [main] org.springframework.test.context.TestContextManager 250 ERROR o.s.test.context.TestContextManager - Caught exception while allowing TestExecutionListener [org.springframework.test.context.support.DependencyInjectionTestExecutionListener@4c1909a3] to prepare test instance [org.chwin.firefighting.apiserver.test.mqSend4jeff@53c68ce]
org.springframework.beans.factory.UnsatisfiedDependencyException: Error creating bean with name 'org.chwin.firefighting.apiserver.test.mqSend4jeff': Unsatisfied dependency expressed through field 'session'; nested exception is org.springframework.beans.factory.NoSuchBeanDefinitionException: No qualifying bean of type 'org.apache.ibatis.session.SqlSession' available: expected at least 1 bean which qualifies as autowire candidate. Dependency annotations: {@org.springframework.beans.factory.annotation.Autowired(required=true)}
	at org.springframework.beans.factory.annotation.AutowiredAnnotationBeanPostProcessor$AutowiredFieldElement.inject(AutowiredAnnotationBeanPostProcessor.java:596)
	at org.springframework.beans.factory.annotation.InjectionMetadata.inject(InjectionMetadata.java:90)
	at org.springframework.beans.factory.annotation.AutowiredAnnotationBeanPostProcessor.postProcessProperties(AutowiredAnnotationBeanPostProcessor.java:374)
	at org.springframework.beans.factory.support.AbstractAutowireCapableBeanFactory.populateBean(AbstractAutowireCapableBeanFactory.java:1411)
	at org.springframework.beans.factory.support.AbstractAutowireCapableBeanFactory.autowireBeanProperties(AbstractAutowireCapableBeanFactory.java:391)
	at org.springframework.test.context.support.DependencyInjectionTestExecutionListener.injectDependencies(DependencyInjectionTestExecutionListener.java:119)
	at org.springframework.test.context.support.DependencyInjectionTestExecutionListener.prepareTestInstance(DependencyInjectionTestExecutionListener.java:83)
	at org.springframework.test.context.TestContextManager.prepareTestInstance(TestContextManager.java:246)
	at org.springframework.test.context.junit4.SpringJUnit4ClassRunner.createTest(SpringJUnit4ClassRunner.java:227)
	at org.springframework.test.context.junit4.SpringJUnit4ClassRunner$1.runReflectiveCall(SpringJUnit4ClassRunner.java:289)
	at org.junit.internal.runners.model.ReflectiveCallable.run(ReflectiveCallable.java:12)
	at org.springframework.test.context.junit4.SpringJUnit4ClassRunner.methodBlock(SpringJUnit4ClassRunner.java:291)
	at org.springframework.test.context.junit4.SpringJUnit4ClassRunner.runChild(SpringJUnit4ClassRunner.java:246)
	at org.springframework.test.context.junit4.SpringJUnit4ClassRunner.runChild(SpringJUnit4ClassRunner.java:97)
	at org.junit.runners.ParentRunner$3.run(ParentRunner.java:290)
	at org.junit.runners.ParentRunner$1.schedule(ParentRunner.java:71)
	at org.junit.runners.ParentRunner.runChildren(ParentRunner.java:288)
	at org.junit.runners.ParentRunner.access$000(ParentRunner.java:58)
	at org.junit.runners.ParentRunner$2.evaluate(ParentRunner.java:268)
	at org.springframework.test.context.junit4.statements.RunBeforeTestClassCallbacks.evaluate(RunBeforeTestClassCallbacks.java:61)
	at org.springframework.test.context.junit4.statements.RunAfterTestClassCallbacks.evaluate(RunAfterTestClassCallbacks.java:70)
	at org.junit.runners.ParentRunner.run(ParentRunner.java:363)
	at org.springframework.test.context.junit4.SpringJUnit4ClassRunner.run(SpringJUnit4ClassRunner.java:190)
	at org.junit.runner.JUnitCore.run(JUnitCore.java:137)
	at com.intellij.junit4.JUnit4IdeaTestRunner.startRunnerWithArgs(JUnit4IdeaTestRunner.java:68)
	at com.intellij.rt.execution.junit.IdeaTestRunner$Repeater.startRunnerWithArgs(IdeaTestRunner.java:47)
	at com.intellij.rt.execution.junit.JUnitStarter.prepareStreamsAndStart(JUnitStarter.java:242)
	at com.intellij.rt.execution.junit.JUnitStarter.main(JUnitStarter.java:70)
Caused by: org.springframework.beans.factory.NoSuchBeanDefinitionException: No qualifying bean of type 'org.apache.ibatis.session.SqlSession' available: expected at least 1 bean which qualifies as autowire candidate. Dependency annotations: {@org.springframework.beans.factory.annotation.Autowired(required=true)}
	at org.springframework.beans.factory.support.DefaultListableBeanFactory.raiseNoMatchingBeanFound(DefaultListableBeanFactory.java:1658)
	at org.springframework.beans.factory.support.DefaultListableBeanFactory.doResolveDependency(DefaultListableBeanFactory.java:1217)
	at org.springframework.beans.factory.support.DefaultListableBeanFactory.resolveDependency(DefaultListableBeanFactory.java:1171)
	at org.springframework.beans.factory.annotation.AutowiredAnnotationBeanPostProcessor$AutowiredFieldElement.inject(AutowiredAnnotationBeanPostProcessor.java:593)
	... 27 common frames omitted
2957 2019-10-20 14:20:45.063 [Thread-6] org.springframework.integration.endpoint.EventDrivenConsumer 107 INFO  o.s.i.endpoint.EventDrivenConsumer - Removing {logging-channel-adapter:_org.springframework.integration.errorLogger} as a subscriber to the 'errorChannel' channel
2957 2019-10-20 14:20:45.063 [Thread-6] org.springframework.integration.channel.AbstractSubscribableChannel 64 INFO  o.s.i.c.PublishSubscribeChannel - Channel 'application-1.errorChannel' has 0 subscriber(s).
2957 2019-10-20 14:20:45.063 [Thread-6] org.springframework.integration.endpoint.AbstractEndpoint 193 INFO  o.s.i.endpoint.EventDrivenConsumer - stopped _org.springframework.integration.errorLogger
2958 2019-10-20 14:20:45.064 [Thread-6] org.springframework.scheduling.concurrent.ExecutorConfigurationSupport 208 INFO  o.s.s.c.ThreadPoolTaskScheduler - Shutting down ExecutorService 'taskScheduler'
498  2019-10-20 15:07:15.996 [main] org.springframework.test.context.support.AbstractTestContextBootstrapper 308 INFO  o.s.b.t.c.SpringBootTestContextBootstrapper - Neither @ContextConfiguration nor @ContextHierarchy found for test class [org.chwin.firefighting.apiserver.test.mqSend4jeff], using SpringBootContextLoader
507  2019-10-20 15:07:16.005 [main] org.springframework.test.context.support.AbstractContextLoader 264 INFO  o.s.t.c.s.AbstractContextLoader - Could not detect default resource locations for test class [org.chwin.firefighting.apiserver.test.mqSend4jeff]: no resource found for suffixes {-context.xml, Context.groovy}.
762  2019-10-20 15:07:16.260 [main] org.springframework.test.context.support.AbstractTestContextBootstrapper 248 INFO  o.s.b.t.c.SpringBootTestContextBootstrapper - Loaded default TestExecutionListener class names from location [META-INF/spring.factories]: [org.springframework.boot.test.mock.mockito.MockitoTestExecutionListener, org.springframework.boot.test.mock.mockito.ResetMocksTestExecutionListener, org.springframework.test.context.web.ServletTestExecutionListener, org.springframework.test.context.support.DirtiesContextBeforeModesTestExecutionListener, org.springframework.test.context.support.DependencyInjectionTestExecutionListener, org.springframework.test.context.support.DirtiesContextTestExecutionListener, org.springframework.test.context.transaction.TransactionalTestExecutionListener, org.springframework.test.context.jdbc.SqlScriptsTestExecutionListener]
782  2019-10-20 15:07:16.280 [main] org.springframework.test.context.support.AbstractTestContextBootstrapper 177 INFO  o.s.b.t.c.SpringBootTestContextBootstrapper - Using TestExecutionListeners: [org.springframework.test.context.web.ServletTestExecutionListener@51e69659, org.springframework.test.context.support.DirtiesContextBeforeModesTestExecutionListener@47e2e487, org.springframework.boot.test.mock.mockito.MockitoTestExecutionListener@201a4587, org.springframework.test.context.support.DependencyInjectionTestExecutionListener@61001b64, org.springframework.test.context.support.DirtiesContextTestExecutionListener@4310d43, org.springframework.test.context.transaction.TransactionalTestExecutionListener@54a7079e, org.springframework.test.context.jdbc.SqlScriptsTestExecutionListener@26e356f0, org.springframework.boot.test.mock.mockito.ResetMocksTestExecutionListener@47d9a273]
1713 2019-10-20 15:07:17.211 [main] org.springframework.context.support.PostProcessorRegistrationDelegate$BeanPostProcessorChecker 330 INFO  o.s.c.s.PostProcessorRegistrationDelegate$BeanPostProcessorChecker - Bean 'org.springframework.cloud.autoconfigure.ConfigurationPropertiesRebinderAutoConfiguration' of type [org.springframework.cloud.autoconfigure.ConfigurationPropertiesRebinderAutoConfiguration$$EnhancerBySpringCGLIB$$a7126f27] is not eligible for getting processed by all BeanPostProcessors (for example: not eligible for auto-proxying)
1963 2019-10-20 15:07:17.461 [main] org.springframework.boot.SpringApplication 651 INFO  o.c.f.apiserver.test.mqSend4jeff - The following profiles are active: dev
2061 2019-10-20 15:07:17.559 [main] org.springframework.integration.config.DefaultConfiguringBeanFactoryPostProcessor 193 INFO  o.s.i.c.DefaultConfiguringBeanFactoryPostProcessor - No bean named 'errorChannel' has been explicitly defined. Therefore, a default PublishSubscribeChannel will be created.
2069 2019-10-20 15:07:17.567 [main] org.springframework.integration.config.DefaultConfiguringBeanFactoryPostProcessor 280 INFO  o.s.i.c.DefaultConfiguringBeanFactoryPostProcessor - No bean named 'taskScheduler' has been explicitly defined. Therefore, a default ThreadPoolTaskScheduler will be created.
2079 2019-10-20 15:07:17.577 [main] org.springframework.integration.config.DefaultConfiguringBeanFactoryPostProcessor 431 INFO  o.s.i.c.DefaultConfiguringBeanFactoryPostProcessor - No bean named 'integrationHeaderChannelRegistry' has been explicitly defined. Therefore, a default DefaultHeaderChannelRegistry will be created.
2105 2019-10-20 15:07:17.603 [main] org.springframework.context.support.PostProcessorRegistrationDelegate$BeanPostProcessorChecker 330 INFO  o.s.c.s.PostProcessorRegistrationDelegate$BeanPostProcessorChecker - Bean 'integrationDisposableAutoCreatedBeans' of type [org.springframework.integration.config.annotation.Disposables] is not eligible for getting processed by all BeanPostProcessors (for example: not eligible for auto-proxying)
2604 2019-10-20 15:07:18.102 [main] org.springframework.scheduling.concurrent.ExecutorConfigurationSupport 171 INFO  o.s.s.c.ThreadPoolTaskScheduler - Initializing ExecutorService 'taskScheduler'
2645 2019-10-20 15:07:18.143 [main] org.springframework.integration.endpoint.EventDrivenConsumer 107 INFO  o.s.i.endpoint.EventDrivenConsumer - Adding {logging-channel-adapter:_org.springframework.integration.errorLogger} as a subscriber to the 'errorChannel' channel
2646 2019-10-20 15:07:18.144 [main] org.springframework.integration.channel.AbstractSubscribableChannel 64 INFO  o.s.i.c.PublishSubscribeChannel - Channel 'application-1.errorChannel' has 1 subscriber(s).
2646 2019-10-20 15:07:18.144 [main] org.springframework.integration.endpoint.AbstractEndpoint 159 INFO  o.s.i.endpoint.EventDrivenConsumer - started _org.springframework.integration.errorLogger
2649 2019-10-20 15:07:18.147 [main] org.springframework.boot.StartupInfoLogger 59 INFO  o.c.f.apiserver.test.mqSend4jeff - Started mqSend4jeff in 1.796 seconds (JVM running for 3.107)
2713 2019-10-20 15:07:18.211 [main] org.springframework.test.context.TestContextManager 250 ERROR o.s.test.context.TestContextManager - Caught exception while allowing TestExecutionListener [org.springframework.test.context.support.DependencyInjectionTestExecutionListener@61001b64] to prepare test instance [org.chwin.firefighting.apiserver.test.mqSend4jeff@72e789cb]
org.springframework.beans.factory.UnsatisfiedDependencyException: Error creating bean with name 'org.chwin.firefighting.apiserver.test.mqSend4jeff': Unsatisfied dependency expressed through field 'sqlSessionTemplate'; nested exception is org.springframework.beans.factory.NoSuchBeanDefinitionException: No qualifying bean of type 'org.mybatis.spring.SqlSessionTemplate' available: expected at least 1 bean which qualifies as autowire candidate. Dependency annotations: {@org.springframework.beans.factory.annotation.Autowired(required=true)}
	at org.springframework.beans.factory.annotation.AutowiredAnnotationBeanPostProcessor$AutowiredFieldElement.inject(AutowiredAnnotationBeanPostProcessor.java:596)
	at org.springframework.beans.factory.annotation.InjectionMetadata.inject(InjectionMetadata.java:90)
	at org.springframework.beans.factory.annotation.AutowiredAnnotationBeanPostProcessor.postProcessProperties(AutowiredAnnotationBeanPostProcessor.java:374)
	at org.springframework.beans.factory.support.AbstractAutowireCapableBeanFactory.populateBean(AbstractAutowireCapableBeanFactory.java:1411)
	at org.springframework.beans.factory.support.AbstractAutowireCapableBeanFactory.autowireBeanProperties(AbstractAutowireCapableBeanFactory.java:391)
	at org.springframework.test.context.support.DependencyInjectionTestExecutionListener.injectDependencies(DependencyInjectionTestExecutionListener.java:119)
	at org.springframework.test.context.support.DependencyInjectionTestExecutionListener.prepareTestInstance(DependencyInjectionTestExecutionListener.java:83)
	at org.springframework.test.context.TestContextManager.prepareTestInstance(TestContextManager.java:246)
	at org.springframework.test.context.junit4.SpringJUnit4ClassRunner.createTest(SpringJUnit4ClassRunner.java:227)
	at org.springframework.test.context.junit4.SpringJUnit4ClassRunner$1.runReflectiveCall(SpringJUnit4ClassRunner.java:289)
	at org.junit.internal.runners.model.ReflectiveCallable.run(ReflectiveCallable.java:12)
	at org.springframework.test.context.junit4.SpringJUnit4ClassRunner.methodBlock(SpringJUnit4ClassRunner.java:291)
	at org.springframework.test.context.junit4.SpringJUnit4ClassRunner.runChild(SpringJUnit4ClassRunner.java:246)
	at org.springframework.test.context.junit4.SpringJUnit4ClassRunner.runChild(SpringJUnit4ClassRunner.java:97)
	at org.junit.runners.ParentRunner$3.run(ParentRunner.java:290)
	at org.junit.runners.ParentRunner$1.schedule(ParentRunner.java:71)
	at org.junit.runners.ParentRunner.runChildren(ParentRunner.java:288)
	at org.junit.runners.ParentRunner.access$000(ParentRunner.java:58)
	at org.junit.runners.ParentRunner$2.evaluate(ParentRunner.java:268)
	at org.springframework.test.context.junit4.statements.RunBeforeTestClassCallbacks.evaluate(RunBeforeTestClassCallbacks.java:61)
	at org.springframework.test.context.junit4.statements.RunAfterTestClassCallbacks.evaluate(RunAfterTestClassCallbacks.java:70)
	at org.junit.runners.ParentRunner.run(ParentRunner.java:363)
	at org.springframework.test.context.junit4.SpringJUnit4ClassRunner.run(SpringJUnit4ClassRunner.java:190)
	at org.junit.runner.JUnitCore.run(JUnitCore.java:137)
	at com.intellij.junit4.JUnit4IdeaTestRunner.startRunnerWithArgs(JUnit4IdeaTestRunner.java:68)
	at com.intellij.rt.execution.junit.IdeaTestRunner$Repeater.startRunnerWithArgs(IdeaTestRunner.java:47)
	at com.intellij.rt.execution.junit.JUnitStarter.prepareStreamsAndStart(JUnitStarter.java:242)
	at com.intellij.rt.execution.junit.JUnitStarter.main(JUnitStarter.java:70)
Caused by: org.springframework.beans.factory.NoSuchBeanDefinitionException: No qualifying bean of type 'org.mybatis.spring.SqlSessionTemplate' available: expected at least 1 bean which qualifies as autowire candidate. Dependency annotations: {@org.springframework.beans.factory.annotation.Autowired(required=true)}
	at org.springframework.beans.factory.support.DefaultListableBeanFactory.raiseNoMatchingBeanFound(DefaultListableBeanFactory.java:1658)
	at org.springframework.beans.factory.support.DefaultListableBeanFactory.doResolveDependency(DefaultListableBeanFactory.java:1217)
	at org.springframework.beans.factory.support.DefaultListableBeanFactory.resolveDependency(DefaultListableBeanFactory.java:1171)
	at org.springframework.beans.factory.annotation.AutowiredAnnotationBeanPostProcessor$AutowiredFieldElement.inject(AutowiredAnnotationBeanPostProcessor.java:593)
	... 27 common frames omitted
2722 2019-10-20 15:07:18.220 [Thread-6] org.springframework.integration.endpoint.EventDrivenConsumer 107 INFO  o.s.i.endpoint.EventDrivenConsumer - Removing {logging-channel-adapter:_org.springframework.integration.errorLogger} as a subscriber to the 'errorChannel' channel
2722 2019-10-20 15:07:18.220 [Thread-6] org.springframework.integration.channel.AbstractSubscribableChannel 64 INFO  o.s.i.c.PublishSubscribeChannel - Channel 'application-1.errorChannel' has 0 subscriber(s).
2722 2019-10-20 15:07:18.220 [Thread-6] org.springframework.integration.endpoint.AbstractEndpoint 193 INFO  o.s.i.endpoint.EventDrivenConsumer - stopped _org.springframework.integration.errorLogger
2723 2019-10-20 15:07:18.221 [Thread-6] org.springframework.scheduling.concurrent.ExecutorConfigurationSupport 208 INFO  o.s.s.c.ThreadPoolTaskScheduler - Shutting down ExecutorService 'taskScheduler'
